<?xml version="1.0" encoding="UTF-8"?>
<!-- Generated by org.testng.reporters.JUnitReportReporter -->
<testsuite hostname="DESKTOP-SSTGA1B" failures="0" tests="1" name="ExtentReportsBasics.TC1" time="0.333" errors="0" timestamp="2022-10-19T17:56:54 IST" skipped="0">
  <testcase classname="ExtentReportsBasics.TC1" name="testA" time="0.333"/>
</testsuite> <!-- ExtentReportsBasics.TC1 -->
