<?xml version="1.0" encoding="UTF-8"?>
<!-- Generated by org.testng.reporters.JUnitReportReporter -->
<testsuite hostname="DESKTOP-SSTGA1B" failures="0" tests="1" name="ExtentReportsBasics.OptimisedTC2" time="0.004" errors="0" timestamp="2022-10-20T00:53:59 IST" skipped="0">
  <testcase classname="ExtentReportsBasics.OptimisedTC2" name="testB" time="0.004"/>
</testsuite> <!-- ExtentReportsBasics.OptimisedTC2 -->
