<?xml version="1.0" encoding="UTF-8"?>
<!-- Generated by org.testng.reporters.JUnitReportReporter -->
<testsuite hostname="DESKTOP-SSTGA1B" failures="0" tests="1" name="Test2.LoginPageTestTC1" time="6.783" errors="0" timestamp="2022-10-18T11:07:58 IST" skipped="0">
  <testcase classname="Test2.LoginPageTestTC1" name="loginPageTest" time="6.783"/>
</testsuite> <!-- Test2.LoginPageTestTC1 -->
