<?xml version="1.0" encoding="UTF-8"?>
<!-- Generated by org.testng.reporters.JUnitReportReporter -->
<testsuite hostname="DESKTOP-SSTGA1B" failures="0" tests="1" name="TestNGBasics.ReporterBasics" time="0.012" errors="0" timestamp="2022-10-09T03:08:18 IST" skipped="0">
  <testcase classname="TestNGBasics.ReporterBasics" name="login" time="0.012"/>
</testsuite> <!-- TestNGBasics.ReporterBasics -->
