<?xml version="1.0" encoding="UTF-8"?>
<!-- Generated by org.testng.reporters.JUnitReportReporter -->
<testsuite hostname="DESKTOP-SSTGA1B" failures="0" tests="1" name="Log4jBasics.Log4jTC2" time="0.011" errors="0" timestamp="2022-10-13T00:10:46 IST" skipped="0">
  <testcase classname="Log4jBasics.Log4jTC2" name="testB" time="0.011"/>
</testsuite> <!-- Log4jBasics.Log4jTC2 -->
