<?xml version="1.0" encoding="UTF-8"?>
<!-- Generated by org.testng.reporters.JUnitReportReporter -->
<testsuite hostname="DESKTOP-SSTGA1B" failures="0" tests="2" name="TestNGBasics.BeforeMethodAfterMethodAnnotationBasics" time="0.016" errors="0" timestamp="2022-10-08T23:58:16 IST" skipped="0">
  <testcase classname="TestNGBasics.BeforeMethodAfterMethodAnnotationBasics" name="testB" time="0.005"/>
  <testcase classname="TestNGBasics.BeforeMethodAfterMethodAnnotationBasics" name="testA" time="0.011"/>
</testsuite> <!-- TestNGBasics.BeforeMethodAfterMethodAnnotationBasics -->
