<?xml version="1.0" encoding="UTF-8"?>
<!-- Generated by org.testng.reporters.JUnitReportReporter -->
<testsuite hostname="DESKTOP-SSTGA1B" failures="0" tests="1" name="Log4jBasics.Log4jTC1" time="0.165" errors="0" timestamp="2022-10-13T00:18:56 IST" skipped="0">
  <testcase classname="Log4jBasics.Log4jTC1" name="testA" time="0.165"/>
</testsuite> <!-- Log4jBasics.Log4jTC1 -->
