<?xml version="1.0" encoding="UTF-8"?>
<!-- Generated by org.testng.reporters.JUnitReportReporter -->
<testsuite hostname="DESKTOP-SSTGA1B" failures="0" tests="1" name="ExtentReportsBasics.OptimisedTC1" time="0.008" errors="0" timestamp="2022-10-20T00:53:59 IST" skipped="0">
  <testcase classname="ExtentReportsBasics.OptimisedTC1" name="testA" time="0.008"/>
</testsuite> <!-- ExtentReportsBasics.OptimisedTC1 -->
