<?xml version="1.0" encoding="UTF-8"?>
<!-- Generated by org.testng.reporters.JUnitReportReporter -->
<testsuite hostname="DESKTOP-SSTGA1B" failures="0" tests="1" name="OrangrHRMsPractise.LoginTC1" time="18.104" errors="0" timestamp="2022-10-19T18:19:42 IST" skipped="0">
  <testcase classname="OrangrHRMsPractise.LoginTC1" name="loginTC1" time="18.104"/>
</testsuite> <!-- OrangrHRMsPractise.LoginTC1 -->
