<?xml version="1.0" encoding="UTF-8"?>
<!-- Generated by org.testng.reporters.JUnitReportReporter -->
<testsuite hostname="DESKTOP-SSTGA1B" failures="0" tests="1" name="ExtentReportsBasics.TC3" time="0.002" errors="0" timestamp="2022-10-19T23:31:10 IST" skipped="0">
  <testcase classname="ExtentReportsBasics.TC3" name="testB" time="0.002"/>
</testsuite> <!-- ExtentReportsBasics.TC3 -->
