<?xml version="1.0" encoding="UTF-8"?>
<!-- Generated by org.testng.reporters.JUnitReportReporter -->
<testsuite hostname="DESKTOP-SSTGA1B" failures="0" tests="1" name="OrangrHRMsPractise.CreateEmployeeTC2" time="40.478" errors="0" timestamp="2022-10-19T21:30:51 IST" skipped="0">
  <testcase classname="OrangrHRMsPractise.CreateEmployeeTC2" name="createEmployeeTC2" time="40.478"/>
</testsuite> <!-- OrangrHRMsPractise.CreateEmployeeTC2 -->
